[12:14:59] [ServerMain/INFO]: Building unoptimized datafixer
[12:15:00] [ServerMain/INFO]: Environment: authHost='https://authserver.mojang.com', accountsHost='https://api.mojang.com', sessionHost='https://sessionserver.mojang.com', servicesHost='https://api.minecraftservices.com', name='PROD'
[12:15:00] [ServerMain/INFO]: Found new data pack file/bukkit, loading it automatically
[12:15:01] [ServerMain/INFO]: Loaded 7 recipes
[12:15:02] [Server thread/INFO]: Starting minecraft server version 1.19
[12:15:02] [Server thread/INFO]: Loading properties
[12:15:02] [Server thread/INFO]: This server is running CraftBukkit version 3553-Spigot-14a2382-ef09464 (MC: 1.19) (Implementing API version 1.19-R0.1-SNAPSHOT)
[12:15:02] [Server thread/INFO]: Debug logging is disabled
[12:15:02] [Server thread/INFO]: Server Ping Player Sample Count: 12
[12:15:02] [Server thread/INFO]: Using 4 threads for Netty based IO
[12:15:02] [Server thread/INFO]: Default game type: SURVIVAL
[12:15:02] [Server thread/INFO]: Generating keypair
[12:15:02] [Server thread/INFO]: Starting Minecraft server on *:25565
[12:15:02] [Server thread/INFO]: Using default channel type
[12:15:03] [Server thread/INFO]: Preparing level "world"
[12:15:03] [Server thread/INFO]: -------- World Settings For [world] --------
[12:15:03] [Server thread/INFO]: Item Despawn Rate: 6000
[12:15:03] [Server thread/INFO]: Item Merge Radius: 2.5
[12:15:03] [Server thread/INFO]: Simulation Distance: 10
[12:15:03] [Server thread/INFO]: View Distance: 10
[12:15:03] [Server thread/INFO]: Allow Zombie Pigmen to spawn from portal blocks: true
[12:15:03] [Server thread/INFO]: Experience Merge Radius: 3.0
[12:15:03] [Server thread/INFO]: Cactus Growth Modifier: 100%
[12:15:03] [Server thread/INFO]: Cane Growth Modifier: 100%
[12:15:03] [Server thread/INFO]: Melon Growth Modifier: 100%
[12:15:03] [Server thread/INFO]: Mushroom Growth Modifier: 100%
[12:15:03] [Server thread/INFO]: Pumpkin Growth Modifier: 100%
[12:15:03] [Server thread/INFO]: Sapling Growth Modifier: 100%
[12:15:03] [Server thread/INFO]: Beetroot Growth Modifier: 100%
[12:15:03] [Server thread/INFO]: Carrot Growth Modifier: 100%
[12:15:03] [Server thread/INFO]: Potato Growth Modifier: 100%
[12:15:03] [Server thread/INFO]: Wheat Growth Modifier: 100%
[12:15:03] [Server thread/INFO]: NetherWart Growth Modifier: 100%
[12:15:03] [Server thread/INFO]: Vine Growth Modifier: 100%
[12:15:03] [Server thread/INFO]: Cocoa Growth Modifier: 100%
[12:15:03] [Server thread/INFO]: Bamboo Growth Modifier: 100%
[12:15:03] [Server thread/INFO]: SweetBerry Growth Modifier: 100%
[12:15:03] [Server thread/INFO]: Kelp Growth Modifier: 100%
[12:15:03] [Server thread/INFO]: Mob Spawn Range: 6
[12:15:03] [Server thread/INFO]: Hopper Transfer: 8 Hopper Check: 1 Hopper Amount: 1 Hopper Can Load Chunks: false
[12:15:03] [Server thread/INFO]: Entity Activation Range: An 32 / Mo 32 / Ra 48 / Mi 16 / Tiv true / Isa false
[12:15:03] [Server thread/INFO]: Entity Tracking Range: Pl 48 / An 48 / Mo 48 / Mi 32 / Other 64
[12:15:03] [Server thread/INFO]: Custom Map Seeds:  Village: 10387312 Desert: 14357617 Igloo: 14357618 Jungle: 14357619 Swamp: 14357620 Monument: 10387313 Ocean: 14357621 Shipwreck: 165745295 End City: 10387313 Slime: 987234911 Nether: 30084232 Mansion: 10387319 Fossil: 14357921 Portal: 34222645
[12:15:03] [Server thread/INFO]: Tile Max Tick Time: 50ms Entity max Tick Time: 50ms
[12:15:03] [Server thread/INFO]: Max TNT Explosions: 100
[12:15:03] [Server thread/INFO]: Zombie Aggressive Towards Villager: true
[12:15:03] [Server thread/INFO]: Arrow Despawn Rate: 1200 Trident Respawn Rate:1200
[12:15:03] [Server thread/INFO]: Nerfing mobs spawned from spawners: false
[12:15:11] [Server thread/INFO]: -------- World Settings For [world_nether] --------
[12:15:11] [Server thread/INFO]: Item Despawn Rate: 6000
[12:15:11] [Server thread/INFO]: Item Merge Radius: 2.5
[12:15:11] [Server thread/INFO]: Simulation Distance: 10
[12:15:11] [Server thread/INFO]: View Distance: 10
[12:15:11] [Server thread/INFO]: Allow Zombie Pigmen to spawn from portal blocks: true
[12:15:11] [Server thread/INFO]: Experience Merge Radius: 3.0
[12:15:11] [Server thread/INFO]: Cactus Growth Modifier: 100%
[12:15:11] [Server thread/INFO]: Cane Growth Modifier: 100%
[12:15:11] [Server thread/INFO]: Melon Growth Modifier: 100%
[12:15:11] [Server thread/INFO]: Mushroom Growth Modifier: 100%
[12:15:11] [Server thread/INFO]: Pumpkin Growth Modifier: 100%
[12:15:11] [Server thread/INFO]: Sapling Growth Modifier: 100%
[12:15:11] [Server thread/INFO]: Beetroot Growth Modifier: 100%
[12:15:11] [Server thread/INFO]: Carrot Growth Modifier: 100%
[12:15:11] [Server thread/INFO]: Potato Growth Modifier: 100%
[12:15:11] [Server thread/INFO]: Wheat Growth Modifier: 100%
[12:15:11] [Server thread/INFO]: NetherWart Growth Modifier: 100%
[12:15:11] [Server thread/INFO]: Vine Growth Modifier: 100%
[12:15:11] [Server thread/INFO]: Cocoa Growth Modifier: 100%
[12:15:11] [Server thread/INFO]: Bamboo Growth Modifier: 100%
[12:15:11] [Server thread/INFO]: SweetBerry Growth Modifier: 100%
[12:15:11] [Server thread/INFO]: Kelp Growth Modifier: 100%
[12:15:11] [Server thread/INFO]: Mob Spawn Range: 6
[12:15:11] [Server thread/INFO]: Hopper Transfer: 8 Hopper Check: 1 Hopper Amount: 1 Hopper Can Load Chunks: false
[12:15:11] [Server thread/INFO]: Entity Activation Range: An 32 / Mo 32 / Ra 48 / Mi 16 / Tiv true / Isa false
[12:15:11] [Server thread/INFO]: Entity Tracking Range: Pl 48 / An 48 / Mo 48 / Mi 32 / Other 64
[12:15:11] [Server thread/INFO]: Custom Map Seeds:  Village: 10387312 Desert: 14357617 Igloo: 14357618 Jungle: 14357619 Swamp: 14357620 Monument: 10387313 Ocean: 14357621 Shipwreck: 165745295 End City: 10387313 Slime: 987234911 Nether: 30084232 Mansion: 10387319 Fossil: 14357921 Portal: 34222645
[12:15:11] [Server thread/INFO]: Tile Max Tick Time: 50ms Entity max Tick Time: 50ms
[12:15:11] [Server thread/INFO]: Max TNT Explosions: 100
[12:15:11] [Server thread/INFO]: Zombie Aggressive Towards Villager: true
[12:15:11] [Server thread/INFO]: Arrow Despawn Rate: 1200 Trident Respawn Rate:1200
[12:15:11] [Server thread/INFO]: Nerfing mobs spawned from spawners: false
[12:15:13] [Server thread/INFO]: -------- World Settings For [world_the_end] --------
[12:15:13] [Server thread/INFO]: Item Despawn Rate: 6000
[12:15:13] [Server thread/INFO]: Item Merge Radius: 2.5
[12:15:13] [Server thread/INFO]: Simulation Distance: 10
[12:15:13] [Server thread/INFO]: View Distance: 10
[12:15:13] [Server thread/INFO]: Allow Zombie Pigmen to spawn from portal blocks: true
[12:15:13] [Server thread/INFO]: Experience Merge Radius: 3.0
[12:15:13] [Server thread/INFO]: Cactus Growth Modifier: 100%
[12:15:13] [Server thread/INFO]: Cane Growth Modifier: 100%
[12:15:13] [Server thread/INFO]: Melon Growth Modifier: 100%
[12:15:13] [Server thread/INFO]: Mushroom Growth Modifier: 100%
[12:15:13] [Server thread/INFO]: Pumpkin Growth Modifier: 100%
[12:15:13] [Server thread/INFO]: Sapling Growth Modifier: 100%
[12:15:13] [Server thread/INFO]: Beetroot Growth Modifier: 100%
[12:15:13] [Server thread/INFO]: Carrot Growth Modifier: 100%
[12:15:13] [Server thread/INFO]: Potato Growth Modifier: 100%
[12:15:13] [Server thread/INFO]: Wheat Growth Modifier: 100%
[12:15:13] [Server thread/INFO]: NetherWart Growth Modifier: 100%
[12:15:13] [Server thread/INFO]: Vine Growth Modifier: 100%
[12:15:13] [Server thread/INFO]: Cocoa Growth Modifier: 100%
[12:15:13] [Server thread/INFO]: Bamboo Growth Modifier: 100%
[12:15:13] [Server thread/INFO]: SweetBerry Growth Modifier: 100%
[12:15:13] [Server thread/INFO]: Kelp Growth Modifier: 100%
[12:15:13] [Server thread/INFO]: Mob Spawn Range: 6
[12:15:13] [Server thread/INFO]: Hopper Transfer: 8 Hopper Check: 1 Hopper Amount: 1 Hopper Can Load Chunks: false
[12:15:13] [Server thread/INFO]: Entity Activation Range: An 32 / Mo 32 / Ra 48 / Mi 16 / Tiv true / Isa false
[12:15:13] [Server thread/INFO]: Entity Tracking Range: Pl 48 / An 48 / Mo 48 / Mi 32 / Other 64
[12:15:13] [Server thread/INFO]: Custom Map Seeds:  Village: 10387312 Desert: 14357617 Igloo: 14357618 Jungle: 14357619 Swamp: 14357620 Monument: 10387313 Ocean: 14357621 Shipwreck: 165745295 End City: 10387313 Slime: 987234911 Nether: 30084232 Mansion: 10387319 Fossil: 14357921 Portal: 34222645
[12:15:13] [Server thread/INFO]: Tile Max Tick Time: 50ms Entity max Tick Time: 50ms
[12:15:13] [Server thread/INFO]: Max TNT Explosions: 100
[12:15:13] [Server thread/INFO]: Zombie Aggressive Towards Villager: true
[12:15:13] [Server thread/INFO]: Arrow Despawn Rate: 1200 Trident Respawn Rate:1200
[12:15:13] [Server thread/INFO]: Nerfing mobs spawned from spawners: false
[12:15:13] [Server thread/INFO]: Preparing start region for dimension minecraft:overworld
[12:15:14] [Worker-Main-3/INFO]: Preparing spawn area: 0%
[12:15:14] [Worker-Main-2/INFO]: Preparing spawn area: 0%
[12:15:14] [Worker-Main-10/INFO]: Preparing spawn area: 1%
[12:15:15] [Worker-Main-4/INFO]: Preparing spawn area: 3%
[12:15:15] [Worker-Main-9/INFO]: Preparing spawn area: 5%
[12:15:16] [Worker-Main-10/INFO]: Preparing spawn area: 8%
[12:15:16] [Worker-Main-2/INFO]: Preparing spawn area: 11%
[12:15:17] [Worker-Main-8/INFO]: Preparing spawn area: 15%
[12:15:17] [Worker-Main-11/INFO]: Preparing spawn area: 20%
[12:15:18] [Worker-Main-4/INFO]: Preparing spawn area: 23%
[12:15:18] [Worker-Main-4/INFO]: Preparing spawn area: 29%
[12:15:19] [Worker-Main-2/INFO]: Preparing spawn area: 33%
[12:15:19] [Worker-Main-6/INFO]: Preparing spawn area: 38%
[12:15:20] [Worker-Main-7/INFO]: Preparing spawn area: 43%
[12:15:20] [Worker-Main-11/INFO]: Preparing spawn area: 47%
[12:15:21] [Worker-Main-4/INFO]: Preparing spawn area: 54%
[12:15:21] [Worker-Main-6/INFO]: Preparing spawn area: 57%
[12:15:22] [Worker-Main-4/INFO]: Preparing spawn area: 63%
[12:15:22] [Worker-Main-1/INFO]: Preparing spawn area: 68%
[12:15:23] [Worker-Main-7/INFO]: Preparing spawn area: 74%
[12:15:23] [Worker-Main-3/INFO]: Preparing spawn area: 80%
[12:15:24] [Worker-Main-4/INFO]: Preparing spawn area: 84%
[12:15:24] [Worker-Main-7/INFO]: Preparing spawn area: 89%
[12:15:25] [Worker-Main-2/INFO]: Preparing spawn area: 96%
[12:15:25] [Server thread/INFO]: Time elapsed: 11702 ms
[12:15:25] [Server thread/INFO]: Preparing start region for dimension minecraft:the_nether
[12:15:25] [Worker-Main-5/INFO]: Preparing spawn area: 0%
[12:15:26] [Worker-Main-2/INFO]: Preparing spawn area: 1%
[12:15:26] [Worker-Main-8/INFO]: Preparing spawn area: 6%
[12:15:27] [Worker-Main-8/INFO]: Preparing spawn area: 9%
[12:15:27] [Worker-Main-8/INFO]: Preparing spawn area: 15%
[12:15:28] [Worker-Main-2/INFO]: Preparing spawn area: 20%
[12:15:28] [Worker-Main-7/INFO]: Preparing spawn area: 26%
[12:15:29] [Worker-Main-1/INFO]: Preparing spawn area: 32%
[12:15:29] [Worker-Main-10/INFO]: Preparing spawn area: 37%
[12:15:30] [Worker-Main-4/INFO]: Preparing spawn area: 43%
[12:15:30] [Worker-Main-10/INFO]: Preparing spawn area: 50%
[12:15:31] [Worker-Main-8/INFO]: Preparing spawn area: 56%
[12:15:31] [Worker-Main-3/INFO]: Preparing spawn area: 62%
[12:15:32] [Worker-Main-11/INFO]: Preparing spawn area: 69%
[12:15:32] [Worker-Main-5/INFO]: Preparing spawn area: 74%
[12:15:33] [Worker-Main-9/INFO]: Preparing spawn area: 80%
[12:15:33] [Worker-Main-10/INFO]: Preparing spawn area: 87%
[12:15:34] [Worker-Main-8/INFO]: Preparing spawn area: 92%
[12:15:34] [Server thread/INFO]: Time elapsed: 8866 ms
[12:15:34] [Server thread/INFO]: Preparing start region for dimension minecraft:the_end
[12:15:34] [Worker-Main-11/INFO]: Preparing spawn area: 0%
[12:15:35] [Worker-Main-2/INFO]: Preparing spawn area: 17%
[12:15:35] [Worker-Main-11/INFO]: Preparing spawn area: 85%
[12:15:35] [Server thread/INFO]: Time elapsed: 1107 ms
[12:15:35] [Server thread/INFO]: Done (32.581s)! For help, type "help"
[12:16:22] [Server thread/INFO]: [0;33;1m--------- [0;37;1mHelp: Index [0;33;1m---------------------------[m
[12:16:22] [Server thread/INFO]: [0;37;22mUse /help [n] to get page n of help.[m
[12:16:22] [Server thread/INFO]: [0;37;22m[0;33;22mAliases: [0;37;1mLists command aliases[m
[12:16:22] [Server thread/INFO]: [0;37;1m[0;33;22mBukkit: [0;37;1mAll commands for Bukkit[m
[12:16:22] [Server thread/INFO]: [0;37;1m[0;33;22mMinecraft: [0;37;1mAll commands for Minecraft[m
[12:16:22] [Server thread/INFO]: [0;37;1m[0;33;22m/advancement: [0;37;1mA Mojang provided command.[m
[12:16:22] [Server thread/INFO]: [0;37;1m[0;33;22m/attribute: [0;37;1mA Mojang provided command.[m
[12:16:22] [Server thread/INFO]: [0;37;1m[0;33;22m/ban: [0;37;1mA Mojang provided command.[m
[12:16:22] [Server thread/INFO]: [0;37;1m[0;33;22m/ban-ip: [0;37;1mA Mojang provided command.[m
[12:16:22] [Server thread/INFO]: [0;37;1m[0;33;22m/banlist: [0;37;1mA Mojang provided command.[m
[12:16:22] [Server thread/INFO]: [0;37;1m[0;33;22m/bossbar: [0;37;1mA Mojang provided command.[m
[12:16:22] [Server thread/INFO]: [0;37;1m[0;33;22m/clear: [0;37;1mA Mojang provided command.[m
[12:16:22] [Server thread/INFO]: [0;37;1m[0;33;22m/clone: [0;37;1mA Mojang provided command.[m
[12:16:22] [Server thread/INFO]: [0;37;1m[0;33;22m/data: [0;37;1mA Mojang provided command.[m
[12:16:22] [Server thread/INFO]: [0;37;1m[0;33;22m/datapack: [0;37;1mA Mojang provided command.[m
[12:16:22] [Server thread/INFO]: [0;37;1m[0;33;22m/debug: [0;37;1mA Mojang provided command.[m
[12:16:22] [Server thread/INFO]: [0;37;1m[0;33;22m/defaultgamemode: [0;37;1mA Mojang provided command.[m
[12:16:22] [Server thread/INFO]: [0;37;1m[0;33;22m/deop: [0;37;1mA Mojang provided command.[m
[12:16:22] [Server thread/INFO]: [0;37;1m[0;33;22m/difficulty: [0;37;1mA Mojang provided command.[m
[12:16:22] [Server thread/INFO]: [0;37;1m[0;33;22m/effect: [0;37;1mA Mojang provided command.[m
[12:16:22] [Server thread/INFO]: [0;37;1m[0;33;22m/enchant: [0;37;1mA Mojang provided command.[m
[12:16:22] [Server thread/INFO]: [0;37;1m[0;33;22m/execute: [0;37;1mA Mojang provided command.[m
[12:16:22] [Server thread/INFO]: [0;37;1m[0;33;22m/experience: [0;37;1mA Mojang provided command.[m
[12:16:22] [Server thread/INFO]: [0;37;1m[0;33;22m/fill: [0;37;1mA Mojang provided command.[m
[12:16:22] [Server thread/INFO]: [0;37;1m[0;33;22m/forceload: [0;37;1mA Mojang provided command.[m
[12:16:22] [Server thread/INFO]: [0;37;1m[0;33;22m/function: [0;37;1mA Mojang provided command.[m
[12:16:22] [Server thread/INFO]: [0;37;1m[0;33;22m/gamemode: [0;37;1mA Mojang provided command.[m
[12:16:22] [Server thread/INFO]: [0;37;1m[0;33;22m/gamerule: [0;37;1mA Mojang provided command.[m
[12:16:22] [Server thread/INFO]: [0;37;1m[0;33;22m/give: [0;37;1mA Mojang provided command.[m
[12:16:22] [Server thread/INFO]: [0;37;1m[0;33;22m/help: [0;37;1mShows the help menu[m
[12:16:22] [Server thread/INFO]: [0;37;1m[0;33;22m/item: [0;37;1mA Mojang provided command.[m
[12:16:22] [Server thread/INFO]: [0;37;1m[0;33;22m/jfr: [0;37;1mA Mojang provided command.[m
[12:16:22] [Server thread/INFO]: [0;37;1m[0;33;22m/kick: [0;37;1mA Mojang provided command.[m
[12:16:22] [Server thread/INFO]: [0;37;1m[0;33;22m/kill: [0;37;1mA Mojang provided command.[m
[12:16:22] [Server thread/INFO]: [0;37;1m[0;33;22m/list: [0;37;1mA Mojang provided command.[m
[12:16:22] [Server thread/INFO]: [0;37;1m[0;33;22m/locate: [0;37;1mA Mojang provided command.[m
[12:16:22] [Server thread/INFO]: [0;37;1m[0;33;22m/loot: [0;37;1mA Mojang provided command.[m
[12:16:22] [Server thread/INFO]: [0;37;1m[0;33;22m/me: [0;37;1mA Mojang provided command.[m
[12:16:22] [Server thread/INFO]: [0;37;1m[0;33;22m/minecraft:help: [0;37;1mA Mojang provided command.[m
[12:16:22] [Server thread/INFO]: [0;37;1m[0;33;22m/minecraft:reload: [0;37;1mA Mojang provided command.[m
[12:16:22] [Server thread/INFO]: [0;37;1m[0;33;22m/msg: [0;37;1mA Mojang provided command.[m
[12:16:22] [Server thread/INFO]: [0;37;1m[0;33;22m/op: [0;37;1mA Mojang provided command.[m
[12:16:22] [Server thread/INFO]: [0;37;1m[0;33;22m/pardon: [0;37;1mA Mojang provided command.[m
[12:16:22] [Server thread/INFO]: [0;37;1m[0;33;22m/pardon-ip: [0;37;1mA Mojang provided command.[m
[12:16:22] [Server thread/INFO]: [0;37;1m[0;33;22m/particle: [0;37;1mA Mojang provided command.[m
[12:16:22] [Server thread/INFO]: [0;37;1m[0;33;22m/perf: [0;37;1mA Mojang provided command.[m
[12:16:22] [Server thread/INFO]: [0;37;1m[0;33;22m/place: [0;37;1mA Mojang provided command.[m
[12:16:22] [Server thread/INFO]: [0;37;1m[0;33;22m/playsound: [0;37;1mA Mojang provided command.[m
[12:16:22] [Server thread/INFO]: [0;37;1m[0;33;22m/plugins: [0;37;1mGets a list of plugins running on the server[m
[12:16:22] [Server thread/INFO]: [0;37;1m[0;33;22m/recipe: [0;37;1mA Mojang provided command.[m
[12:16:22] [Server thread/INFO]: [0;37;1m[0;33;22m/reload: [0;37;1mReloads the server configuration and plugins[m
[12:16:22] [Server thread/INFO]: [0;37;1m[0;33;22m/restart: [0;37;1mRestarts the server[m
[12:16:22] [Server thread/INFO]: [0;37;1m[0;33;22m/save-all: [0;37;1mA Mojang provided command.[m
[12:16:22] [Server thread/INFO]: [0;37;1m[0;33;22m/save-off: [0;37;1mA Mojang provided command.[m
[12:16:22] [Server thread/INFO]: [0;37;1m[0;33;22m/save-on: [0;37;1mA Mojang provided command.[m
[12:16:22] [Server thread/INFO]: [0;37;1m[0;33;22m/say: [0;37;1mA Mojang provided command.[m
[12:16:22] [Server thread/INFO]: [0;37;1m[0;33;22m/schedule: [0;37;1mA Mojang provided command.[m
[12:16:22] [Server thread/INFO]: [0;37;1m[0;33;22m/scoreboard: [0;37;1mA Mojang provided command.[m
[12:16:22] [Server thread/INFO]: [0;37;1m[0;33;22m/seed: [0;37;1mA Mojang provided command.[m
[12:16:22] [Server thread/INFO]: [0;37;1m[0;33;22m/setblock: [0;37;1mA Mojang provided command.[m
[12:16:22] [Server thread/INFO]: [0;37;1m[0;33;22m/setidletimeout: [0;37;1mA Mojang provided command.[m
[12:16:22] [Server thread/INFO]: [0;37;1m[0;33;22m/setworldspawn: [0;37;1mA Mojang provided command.[m
[12:16:22] [Server thread/INFO]: [0;37;1m[0;33;22m/spawnpoint: [0;37;1mA Mojang provided command.[m
[12:16:22] [Server thread/INFO]: [0;37;1m[0;33;22m/spectate: [0;37;1mA Mojang provided command.[m
[12:16:22] [Server thread/INFO]: [0;37;1m[0;33;22m/spigot: [0;37;1mSpigot related commands[m
[12:16:22] [Server thread/INFO]: [0;37;1m[0;33;22m/spreadplayers: [0;37;1mA Mojang provided command.[m
[12:16:22] [Server thread/INFO]: [0;37;1m[0;33;22m/stop: [0;37;1mA Mojang provided command.[m
[12:16:22] [Server thread/INFO]: [0;37;1m[0;33;22m/stopsound: [0;37;1mA Mojang provided command.[m
[12:16:22] [Server thread/INFO]: [0;37;1m[0;33;22m/summon: [0;37;1mA Mojang provided command.[m
[12:16:22] [Server thread/INFO]: [0;37;1m[0;33;22m/tag: [0;37;1mA Mojang provided command.[m
[12:16:22] [Server thread/INFO]: [0;37;1m[0;33;22m/team: [0;37;1mA Mojang provided command.[m
[12:16:22] [Server thread/INFO]: [0;37;1m[0;33;22m/teammsg: [0;37;1mA Mojang provided command.[m
[12:16:22] [Server thread/INFO]: [0;37;1m[0;33;22m/teleport: [0;37;1mA Mojang provided command.[m
[12:16:22] [Server thread/INFO]: [0;37;1m[0;33;22m/tell: [0;37;1mA Mojang provided command.[m
[12:16:22] [Server thread/INFO]: [0;37;1m[0;33;22m/tellraw: [0;37;1mA Mojang provided command.[m
[12:16:22] [Server thread/INFO]: [0;37;1m[0;33;22m/time: [0;37;1mA Mojang provided command.[m
[12:16:22] [Server thread/INFO]: [0;37;1m[0;33;22m/timings: [0;37;1mManages Spigot Timings data to see performance of the server.[m
[12:16:22] [Server thread/INFO]: [0;37;1m[0;33;22m/title: [0;37;1mA Mojang provided command.[m
[12:16:22] [Server thread/INFO]: [0;37;1m[0;33;22m/tm: [0;37;1mA Mojang provided command.[m
[12:16:22] [Server thread/INFO]: [0;37;1m[0;33;22m/tp: [0;37;1mA Mojang provided command.[m
[12:16:22] [Server thread/INFO]: [0;37;1m[0;33;22m/tps: [0;37;1mGets the current ticks per second for the server[m
[12:16:22] [Server thread/INFO]: [0;37;1m[0;33;22m/trigger: [0;37;1mA Mojang provided command.[m
[12:16:22] [Server thread/INFO]: [0;37;1m[0;33;22m/version: [0;37;1mGets the version of this server including any plugins in use[m
[12:16:22] [Server thread/INFO]: [0;37;1m[0;33;22m/w: [0;37;1mA Mojang provided command.[m
[12:16:22] [Server thread/INFO]: [0;37;1m[0;33;22m/weather: [0;37;1mA Mojang provided command.[m
[12:16:22] [Server thread/INFO]: [0;37;1m[0;33;22m/whitelist: [0;37;1mA Mojang provided command.[m
[12:16:22] [Server thread/INFO]: [0;37;1m[0;33;22m/worldborder: [0;37;1mA Mojang provided command.[m
[12:16:22] [Server thread/INFO]: [0;37;1m[0;33;22m/xp: [0;37;1mA Mojang provided command.[m
